# JRE version: Java(TM) SE Runtime Environment (8.0_181-b13) (build 1.8.0_181-b13)
# Java VM: Java HotSpot(TM) 64-Bit Server VM (25.181-b13 mixed mode windows-amd64 compressed oops)
Heap:
 PSYoungGen      total 627712K, used 358651K [0x00000000d5580000, 0x00000000ffb80000, 0x0000000100000000)
  eden space 577536K, 62% used [0x00000000d5580000,0x00000000eb3bee50,0x00000000f8980000)
  from space 50176K, 0% used [0x00000000fc800000,0x00000000fc800000,0x00000000ff900000)
  to   space 58368K, 0% used [0x00000000f8980000,0x00000000f8980000,0x00000000fc280000)
 ParOldGen       total 359424K, used 79330K [0x0000000080000000, 0x0000000095f00000, 0x00000000d5580000)
  object space 359424K, 22% used [0x0000000080000000,0x0000000084d78ae0,0x0000000095f00000)
 Metaspace       used 104789K, capacity 110016K, committed 110080K, reserved 1144832K
  class space    used 14127K, capacity 15047K, committed 15104K, reserved 1048576K
GC Heap History (10 events):
Event: 14.953 GC heap before
{Heap before GC invocations=12 (full 3):
 PSYoungGen      total 392192K, used 391786K [0x00000000d5580000, 0x00000000f0880000, 0x0000000100000000)
  eden space 364032K, 100% used [0x00000000d5580000,0x00000000eb900000,0x00000000eb900000)
  from space 28160K, 98% used [0x00000000eed00000,0x00000000f081a968,0x00000000f0880000)
  to   space 32768K, 0% used [0x00000000ec880000,0x00000000ec880000,0x00000000ee880000)
 ParOldGen       total 248832K, used 34130K [0x0000000080000000, 0x000000008f300000, 0x00000000d5580000)
  object space 248832K, 13% used [0x0000000080000000,0x0000000082154b48,0x000000008f300000)
 Metaspace       used 74404K, capacity 78370K, committed 78592K, reserved 1116160K
  class space    used 10224K, capacity 10916K, committed 11008K, reserved 1048576K
Event: 14.986 GC heap after
Heap after GC invocations=12 (full 3):
 PSYoungGen      total 412672K, used 30855K [0x00000000d5580000, 0x00000000f6300000, 0x0000000100000000)
  eden space 379904K, 0% used [0x00000000d5580000,0x00000000d5580000,0x00000000ec880000)
  from space 32768K, 94% used [0x00000000ec880000,0x00000000ee6a1ed0,0x00000000ee880000)
  to   space 36864K, 0% used [0x00000000f3f00000,0x00000000f3f00000,0x00000000f6300000)
 ParOldGen       total 248832K, used 34138K [0x0000000080000000, 0x000000008f300000, 0x00000000d5580000)
  object space 248832K, 13% used [0x0000000080000000,0x0000000082156b48,0x000000008f300000)
 Metaspace       used 74404K, capacity 78370K, committed 78592K, reserved 1116160K
  class space    used 10224K, capacity 10916K, committed 11008K, reserved 1048576K
}
Event: 16.689 GC heap before
{Heap before GC invocations=13 (full 3):
 PSYoungGen      total 412672K, used 410759K [0x00000000d5580000, 0x00000000f6300000, 0x0000000100000000)
  eden space 379904K, 100% used [0x00000000d5580000,0x00000000ec880000,0x00000000ec880000)
  from space 32768K, 94% used [0x00000000ec880000,0x00000000ee6a1ed0,0x00000000ee880000)
  to   space 36864K, 0% used [0x00000000f3f00000,0x00000000f3f00000,0x00000000f6300000)
 ParOldGen       total 248832K, used 34317K [0x0000000080000000, 0x000000008f300000, 0x00000000d5580000)
  object space 248832K, 13% used [0x0000000080000000,0x0000000082183708,0x000000008f300000)
 Metaspace       used 76808K, capacity 80964K, committed 81152K, reserved 1120256K
  class space    used 10473K, capacity 11215K, committed 11264K, reserved 1048576K
Event: 16.742 GC heap after
Heap after GC invocations=13 (full 3):
 PSYoungGen      total 493568K, used 36850K [0x00000000d5580000, 0x00000000f9400000, 0x0000000100000000)
  eden space 456704K, 0% used [0x00000000d5580000,0x00000000d5580000,0x00000000f1380000)
  from space 36864K, 99% used [0x00000000f3f00000,0x00000000f62fcb90,0x00000000f6300000)
  to   space 44544K, 0% used [0x00000000f1380000,0x00000000f1380000,0x00000000f3f00000)
 ParOldGen       total 248832K, used 40258K [0x0000000080000000, 0x000000008f300000, 0x00000000d5580000)
  object space 248832K, 16% used [0x0000000080000000,0x0000000082750bd0,0x000000008f300000)
 Metaspace       used 76808K, capacity 80964K, committed 81152K, reserved 1120256K
  class space    used 10473K, capacity 11215K, committed 11264K, reserved 1048576K
}
Event: 21.398 GC heap before
{Heap before GC invocations=14 (full 3):
 PSYoungGen      total 493568K, used 493554K [0x00000000d5580000, 0x00000000f9400000, 0x0000000100000000)
  eden space 456704K, 100% used [0x00000000d5580000,0x00000000f1380000,0x00000000f1380000)
  from space 36864K, 99% used [0x00000000f3f00000,0x00000000f62fcb90,0x00000000f6300000)
  to   space 44544K, 0% used [0x00000000f1380000,0x00000000f1380000,0x00000000f3f00000)
 ParOldGen       total 248832K, used 40262K [0x0000000080000000, 0x000000008f300000, 0x00000000d5580000)
  object space 248832K, 16% used [0x0000000080000000,0x0000000082751908,0x000000008f300000)
 Metaspace       used 82952K, capacity 87332K, committed 87552K, reserved 1124352K
  class space    used 11160K, capacity 11929K, committed 12032K, reserved 1048576K
Event: 21.445 GC heap after
Heap after GC invocations=14 (full 3):
 PSYoungGen      total 501248K, used 42206K [0x00000000d5580000, 0x00000000ff900000, 0x0000000100000000)
  eden space 456704K, 0% used [0x00000000d5580000,0x00000000d5580000,0x00000000f1380000)
  from space 44544K, 94% used [0x00000000f1380000,0x00000000f3cb7b58,0x00000000f3f00000)
  to   space 50176K, 0% used [0x00000000fc800000,0x00000000fc800000,0x00000000ff900000)
 ParOldGen       total 248832K, used 40270K [0x0000000080000000, 0x000000008f300000, 0x00000000d5580000)
  object space 248832K, 16% used [0x0000000080000000,0x0000000082753908,0x000000008f300000)
 Metaspace       used 82952K, capacity 87332K, committed 87552K, reserved 1124352K
  class space    used 11160K, capacity 11929K, committed 12032K, reserved 1048576K
}
Event: 29.476 GC heap before
{Heap before GC invocations=15 (full 3):
 PSYoungGen      total 501248K, used 260029K [0x00000000d5580000, 0x00000000ff900000, 0x0000000100000000)
  eden space 456704K, 47% used [0x00000000d5580000,0x00000000e2a37998,0x00000000f1380000)
  from space 44544K, 94% used [0x00000000f1380000,0x00000000f3cb7b58,0x00000000f3f00000)
  to   space 50176K, 0% used [0x00000000fc800000,0x00000000fc800000,0x00000000ff900000)
 ParOldGen       total 248832K, used 40270K [0x0000000080000000, 0x000000008f300000, 0x00000000d5580000)
  object space 248832K, 16% used [0x0000000080000000,0x0000000082753908,0x000000008f300000)
 Metaspace       used 93742K, capacity 98392K, committed 98560K, reserved 1134592K
  class space    used 12651K, capacity 13475K, committed 13568K, reserved 1048576K
Event: 29.510 GC heap after
Heap after GC invocations=15 (full 3):
 PSYoungGen      total 627712K, used 50154K [0x00000000d5580000, 0x00000000ffb80000, 0x0000000100000000)
  eden space 577536K, 0% used [0x00000000d5580000,0x00000000d5580000,0x00000000f8980000)
  from space 50176K, 99% used [0x00000000fc800000,0x00000000ff8faa38,0x00000000ff900000)
  to   space 58368K, 0% used [0x00000000f8980000,0x00000000f8980000,0x00000000fc280000)
 ParOldGen       total 248832K, used 42465K [0x0000000080000000, 0x000000008f300000, 0x00000000d5580000)
  object space 248832K, 17% used [0x0000000080000000,0x00000000829787b8,0x000000008f300000)
 Metaspace       used 93742K, capacity 98392K, committed 98560K, reserved 1134592K
  class space    used 12651K, capacity 13475K, committed 13568K, reserved 1048576K
}
Event: 29.510 GC heap before
{Heap before GC invocations=16 (full 4):
 PSYoungGen      total 627712K, used 50154K [0x00000000d5580000, 0x00000000ffb80000, 0x0000000100000000)
  eden space 577536K, 0% used [0x00000000d5580000,0x00000000d5580000,0x00000000f8980000)
  from space 50176K, 99% used [0x00000000fc800000,0x00000000ff8faa38,0x00000000ff900000)
  to   space 58368K, 0% used [0x00000000f8980000,0x00000000f8980000,0x00000000fc280000)
 ParOldGen       total 248832K, used 42465K [0x0000000080000000, 0x000000008f300000, 0x00000000d5580000)
  object space 248832K, 17% used [0x0000000080000000,0x00000000829787b8,0x000000008f300000)
 Metaspace       used 93742K, capacity 98392K, committed 98560K, reserved 1134592K
  class space    used 12651K, capacity 13475K, committed 13568K, reserved 1048576K
Event: 29.677 GC heap after
Heap after GC invocations=16 (full 4):
 PSYoungGen      total 627712K, used 0K [0x00000000d5580000, 0x00000000ffb80000, 0x0000000100000000)
  eden space 577536K, 0% used [0x00000000d5580000,0x00000000d5580000,0x00000000f8980000)
  from space 50176K, 0% used [0x00000000fc800000,0x00000000fc800000,0x00000000ff900000)
  to   space 58368K, 0% used [0x00000000f8980000,0x00000000f8980000,0x00000000fc280000)
 ParOldGen       total 359424K, used 79330K [0x0000000080000000, 0x0000000095f00000, 0x00000000d5580000)
  object space 359424K, 22% used [0x0000000080000000,0x0000000084d78ae0,0x0000000095f00000)
 Metaspace       used 93247K, capacity 96904K, committed 98560K, reserved 1134592K
  class space    used 12489K, capacity 13195K, committed 13568K, reserved 1048576K
}

